<?xml version="1.0" encoding="UTF-8"?>
<!-- Generated by org.testng.reporters.JUnitReportReporter -->
<testsuite hostname="DESKTOP-9GFDT8T" failures="0" tests="1" name="org.rahulShettyAcademy.Ecommerce_Hybrid_TC1" time="8.340" errors="0" timestamp="2024-10-18T01:04:23 IST" skipped="0">
  <testcase classname="org.rahulShettyAcademy.Ecommerce_Hybrid_TC1" name="fileForm" time="8.340"/>
</testsuite> <!-- org.rahulShettyAcademy.Ecommerce_Hybrid_TC1 -->
