<?xml version="1.0" encoding="UTF-8"?>
<!-- Generated by org.testng.reporters.JUnitReportReporter -->
<testsuite hostname="DESKTOP-9GFDT8T" failures="0" tests="4" name="org.testCases.Ecommerce_Hybrid_TC1" time="20.120" errors="1" timestamp="2024-10-27T00:17:42 IST" skipped="0">
  <testcase classname="org.testCases.Ecommerce_Hybrid_TC1" name="fileForm" time="7.494"/>
  <testcase classname="org.testCases.Ecommerce_Hybrid_TC1" name="addCardItem" time="2.453"/>
  <testcase classname="org.testCases.Ecommerce_Hybrid_TC1" name="verifyAmount" time="4.276"/>
  <testcase classname="org.testCases.Ecommerce_Hybrid_TC1" name="verifyHybridApp" time="5.897">
    <error message="No such context found.
Build info: version: &#039;4.25.0&#039;, revision: &#039;8a8aea2337&#039;
System info: os.name: &#039;Windows 10&#039;, os.arch: &#039;amd64&#039;, os.version: &#039;10.0&#039;, java.version: &#039;21.0.4&#039;
Driver info: io.appium.java_client.android.AndroidDriver
Command: [d86f715b-36c8-4393-99af-1384b8c6d231, switchToContext {name=WEBVIEW_chrome}]
Capabilities {appium:app: C:\Users\Monoo\eclipse-work..., appium:appPackage: com.androidsample.generalstore, appium:automationName: UIAutomator2, appium:databaseEnabled: false, appium:desired: {app: C:\Users\Monoo\eclipse-work..., automationName: UIAutomator2, deviceName: moto g32, platformName: ANDROID}, appium:deviceApiLevel: 33, appium:deviceManufacturer: motorola, appium:deviceModel: moto g32, appium:deviceName: ZD222BYWHP, appium:deviceScreenDensity: 400, appium:deviceScreenSize: 1080x2400, appium:deviceUDID: ZD222BYWHP, appium:javascriptEnabled: true, appium:locationContextEnabled: false, appium:networkConnectionEnabled: true, appium:pixelRatio: 2.5, appium:platformVersion: 13, appium:statBarHeight: 105, appium:takesScreenshot: true, appium:viewportRect: {height: 2295, left: 0, top: 105, width: 1080}, appium:warnings: {}, appium:webStorageEnabled: false, platformName: ANDROID}
Session ID: d86f715b-36c8-4393-99af-1384b8c6d231" type="io.appium.java_client.NoSuchContextException">
      <![CDATA[io.appium.java_client.NoSuchContextException: No such context found.
Build info: version: '4.25.0', revision: '8a8aea2337'
System info: os.name: 'Windows 10', os.arch: 'amd64', os.version: '10.0', java.version: '21.0.4'
Driver info: io.appium.java_client.android.AndroidDriver
Command: [d86f715b-36c8-4393-99af-1384b8c6d231, switchToContext {name=WEBVIEW_chrome}]
Capabilities {appium:app: C:\Users\Monoo\eclipse-work..., appium:appPackage: com.androidsample.generalstore, appium:automationName: UIAutomator2, appium:databaseEnabled: false, appium:desired: {app: C:\Users\Monoo\eclipse-work..., automationName: UIAutomator2, deviceName: moto g32, platformName: ANDROID}, appium:deviceApiLevel: 33, appium:deviceManufacturer: motorola, appium:deviceModel: moto g32, appium:deviceName: ZD222BYWHP, appium:deviceScreenDensity: 400, appium:deviceScreenSize: 1080x2400, appium:deviceUDID: ZD222BYWHP, appium:javascriptEnabled: true, appium:locationContextEnabled: false, appium:networkConnectionEnabled: true, appium:pixelRatio: 2.5, appium:platformVersion: 13, appium:statBarHeight: 105, appium:takesScreenshot: true, appium:viewportRect: {height: 2295, left: 0, top: 105, width: 1080}, appium:warnings: {}, appium:webStorageEnabled: false, platformName: ANDROID}
Session ID: d86f715b-36c8-4393-99af-1384b8c6d231
at io.appium.java_client.remote.SupportsContextSwitching.context(SupportsContextSwitching.java:48)
at org.testCases.Ecommerce_Hybrid_TC1.verifyHybridApp(Ecommerce_Hybrid_TC1.java:60)
at java.base/jdk.internal.reflect.DirectMethodHandleAccessor.invoke(DirectMethodHandleAccessor.java:103)
at java.base/java.lang.reflect.Method.invoke(Method.java:580)
at org.testng.internal.invokers.MethodInvocationHelper.invokeMethod(MethodInvocationHelper.java:141)
at org.testng.internal.invokers.TestInvoker.invokeMethod(TestInvoker.java:686)
at org.testng.internal.invokers.TestInvoker.invokeTestMethod(TestInvoker.java:230)
at org.testng.internal.invokers.MethodRunner.runInSequence(MethodRunner.java:63)
at org.testng.internal.invokers.TestInvoker$MethodInvocationAgent.invoke(TestInvoker.java:992)
at org.testng.internal.invokers.TestInvoker.invokeTestMethods(TestInvoker.java:203)
at org.testng.internal.invokers.TestMethodWorker.invokeTestMethods(TestMethodWorker.java:154)
at org.testng.internal.invokers.TestMethodWorker.run(TestMethodWorker.java:134)
at java.base/java.util.ArrayList.forEach(ArrayList.java:1596)
at org.testng.TestRunner.privateRun(TestRunner.java:739)
at org.testng.TestRunner.run(TestRunner.java:614)
at org.testng.SuiteRunner.runTest(SuiteRunner.java:421)
at org.testng.SuiteRunner.runSequentially(SuiteRunner.java:413)
at org.testng.SuiteRunner.privateRun(SuiteRunner.java:373)
at org.testng.SuiteRunner.run(SuiteRunner.java:312)
at org.testng.SuiteRunnerWorker.runSuite(SuiteRunnerWorker.java:52)
at org.testng.SuiteRunnerWorker.run(SuiteRunnerWorker.java:95)
at org.testng.TestNG.runSuitesSequentially(TestNG.java:1274)
at org.testng.TestNG.runSuitesLocally(TestNG.java:1208)
at org.testng.TestNG.runSuites(TestNG.java:1112)
at org.testng.TestNG.run(TestNG.java:1079)
at org.testng.remote.AbstractRemoteTestNG.run(AbstractRemoteTestNG.java:115)
at org.testng.remote.RemoteTestNG.initAndRun(RemoteTestNG.java:293)
at org.testng.remote.RemoteTestNG.main(RemoteTestNG.java:91)
Caused by: org.openqa.selenium.WebDriverException: No such context found.
Build info: version: '4.25.0', revision: '8a8aea2337'
System info: os.name: 'Windows 10', os.arch: 'amd64', os.version: '10.0', java.version: '21.0.4'
Driver info: io.appium.java_client.android.AndroidDriver
Command: [d86f715b-36c8-4393-99af-1384b8c6d231, switchToContext {name=WEBVIEW_chrome}]
Capabilities {appium:app: C:\Users\Monoo\eclipse-work..., appium:appPackage: com.androidsample.generalstore, appium:automationName: UIAutomator2, appium:databaseEnabled: false, appium:desired: {app: C:\Users\Monoo\eclipse-work..., automationName: UIAutomator2, deviceName: moto g32, platformName: ANDROID}, appium:deviceApiLevel: 33, appium:deviceManufacturer: motorola, appium:deviceModel: moto g32, appium:deviceName: ZD222BYWHP, appium:deviceScreenDensity: 400, appium:deviceScreenSize: 1080x2400, appium:deviceUDID: ZD222BYWHP, appium:javascriptEnabled: true, appium:locationContextEnabled: false, appium:networkConnectionEnabled: true, appium:pixelRatio: 2.5, appium:platformVersion: 13, appium:statBarHeight: 105, appium:takesScreenshot: true, appium:viewportRect: {height: 2295, left: 0, top: 105, width: 1080}, appium:warnings: {}, appium:webStorageEnabled: false, platformName: ANDROID}
Session ID: d86f715b-36c8-4393-99af-1384b8c6d231
at java.base/jdk.internal.reflect.DirectConstructorHandleAccessor.newInstance(DirectConstructorHandleAccessor.java:62)
at java.base/java.lang.reflect.Constructor.newInstanceWithCaller(Constructor.java:502)
at java.base/java.lang.reflect.Constructor.newInstance(Constructor.java:486)
at org.openqa.selenium.remote.ErrorCodec.decode(ErrorCodec.java:167)
at org.openqa.selenium.remote.codec.w3c.W3CHttpResponseCodec.decode(W3CHttpResponseCodec.java:138)
at org.openqa.selenium.remote.codec.w3c.W3CHttpResponseCodec.decode(W3CHttpResponseCodec.java:50)
at org.openqa.selenium.remote.HttpCommandExecutor.execute(HttpCommandExecutor.java:190)
at io.appium.java_client.remote.AppiumCommandExecutor.execute(AppiumCommandExecutor.java:237)
at org.openqa.selenium.remote.RemoteWebDriver.execute(RemoteWebDriver.java:545)
at org.openqa.selenium.remote.RemoteWebDriver.execute(RemoteWebDriver.java:618)
at io.appium.java_client.AppiumDriver.execute(AppiumDriver.java:305)
at io.appium.java_client.remote.SupportsContextSwitching.context(SupportsContextSwitching.java:45)
... 27 more
]]>
    </error>
  </testcase> <!-- verifyHybridApp -->
</testsuite> <!-- org.testCases.Ecommerce_Hybrid_TC1 -->
